Arguments: 
  C:\Program Files\nodejs\node.exe C:\Users\layal\AppData\Roaming\npm\node_modules\yarn\bin\yarn.js

PATH: 
  c:\users\layal\gcc\bin;c:\users\layal\gcc\libexec\gcc\x86_64-pc-mingw32\4.6.3;C:\WINDOWS\system32;C:\WINDOWS;C:\WINDOWS\System32\Wbem;C:\WINDOWS\System32\WindowsPowerShell\v1.0\;C:\WINDOWS\System32\OpenSSH\;C:\Program Files (x86)\IronRuby 1.1\bin;C:\Program Files (x86)\dotnet\;C:\Program Files\Git\cmd;C:\Program Files\nodejs\;C:\Program Files\MATLAB\R2023a\bin;C:\Users\layal\AppData\Local\Programs\Python\Python311\Scripts\;C:\Users\layal\AppData\Local\Programs\Python\Python311\;C:\Users\layal\AppData\Local\Microsoft\WindowsApps;C:\Users\layal\AppData\Local\atom-beta\bin;C:\Users\layal\AppData\Local\Programs\Microsoft VS Code\bin;C:\Users\layal\AppData\Roaming\npm;C:\Program Files\mingw32\bin;C:\Program Files\mingw32\i686-w64-mingw32\bin;

Yarn version: 
  1.22.19

Node version: 
  18.14.0

Platform: 
  win32 x64

Trace: 
  Error: https://registry.yarnpkg.com/react-native-paper/-/react-native-paper-5.7.2.tgz: ESOCKETTIMEDOUT
      at ClientRequest.<anonymous> (C:\Users\layal\AppData\Roaming\npm\node_modules\yarn\lib\cli.js:141517:19)
      at Object.onceWrapper (node:events:627:28)
      at ClientRequest.emit (node:events:513:28)
      at TLSSocket.emitRequestTimeout (node:_http_client:848:9)
      at Object.onceWrapper (node:events:627:28)
      at TLSSocket.emit (node:events:525:35)
      at Socket._onTimeout (node:net:570:8)
      at listOnTimeout (node:internal/timers:569:17)
      at process.processTimers (node:internal/timers:512:7)

npm manifest: 
  {
    "name": "hse",
    "version": "1.0.0",
    "main": "node_modules/expo/AppEntry.js",
    "scripts": {
      "start": "expo start",
      "android": "expo start --android",
      "ios": "expo start --ios",
      "web": "expo start --web"
    },
    "dependencies": {
      "@react-navigation/bottom-tabs": "^6.5.7",
      "@react-navigation/native": "^6.1.6",
      "@react-navigation/native-stack": "^6.9.12",
      "expo": "~48.0.11",
      "expo-camera": "^13.2.1",
      "expo-status-bar": "~1.4.4",
      "react": "18.2.0",
      "react-native": "0.71.7",
      "react-native-paper": "^5.7.0",
      "react-native-safe-area-context": "4.5.0",
      "react-native-screens": "~3.20.0",
      "react-native-vector-icons": "^9.2.0"
    },
    "devDependencies": {
      "@babel/core": "^7.20.0",
      "@babel/preset-env": "^7.21.4"
    },
    "private": true
  }

yarn manifest: 
  No manifest

Lockfile: 
  No lockfile
